# JRE version: OpenJDK Runtime Environment (20.0.1+9) (build 20.0.1+9-29)
# Java VM: OpenJDK 64-Bit Server VM (20.0.1+9-29, mixed mode, emulated-client, sharing, tiered, compressed oops, compressed class ptrs, g1 gc, windows-amd64)
GC Precious Log:
 CardTable entry size: 512
 Card Set container configuration: InlinePtr #cards 5 size 8 Array Of Cards #cards 12 size 40 Howl #buckets 4 coarsen threshold 1843 Howl Bitmap #cards 512 size 80 coarsen threshold 460 Card regions per heap region 1 cards per card region 2048
 CPUs: 6 total, 6 available
 Memory: 7600M
 Large Page Support: Disabled
 NUMA Support: Disabled
 Compressed Oops: Enabled (32-bit)
 Heap Region Size: 1M
 Heap Min Capacity: 8M
 Heap Initial Capacity: 120M
 Heap Max Capacity: 1902M
 Pre-touch: Disabled
 Parallel Workers: 6
 Concurrent Workers: 2
 Concurrent Refinement Workers: 6
 Periodic GC: Disabled
Heap:
 garbage-first heap   total 55296K, used 26683K [0x0000000089200000, 0x0000000100000000)
  region size 1024K, 4 young (4096K), 3 survivors (3072K)
 Metaspace       used 58364K, committed 59008K, reserved 1114112K
  class space    used 8127K, committed 8384K, reserved 1048576K
GC Heap History (20 events):
Event: 1.009 GC heap before
{Heap before GC invocations=1 (full 0):
 garbage-first heap   total 122880K, used 30912K [0x0000000089200000, 0x0000000100000000)
  region size 1024K, 27 young (27648K), 3 survivors (3072K)
 Metaspace       used 12675K, committed 12992K, reserved 1114112K
  class space    used 1651K, committed 1792K, reserved 1048576K
}
Event: 1.012 GC heap after
{Heap after GC invocations=2 (full 0):
 garbage-first heap   total 122880K, used 9490K [0x0000000089200000, 0x0000000100000000)
  region size 1024K, 2 young (2048K), 2 survivors (2048K)
 Metaspace       used 12675K, committed 12992K, reserved 1114112K
  class space    used 1651K, committed 1792K, reserved 1048576K
}
Event: 1.739 GC heap before
{Heap before GC invocations=2 (full 0):
 garbage-first heap   total 122880K, used 65810K [0x0000000089200000, 0x0000000100000000)
  region size 1024K, 59 young (60416K), 2 survivors (2048K)
 Metaspace       used 20711K, committed 21056K, reserved 1114112K
  class space    used 2716K, committed 2880K, reserved 1048576K
}
Event: 1.747 GC heap after
{Heap after GC invocations=3 (full 0):
 garbage-first heap   total 122880K, used 13977K [0x0000000089200000, 0x0000000100000000)
  region size 1024K, 7 young (7168K), 7 survivors (7168K)
 Metaspace       used 20711K, committed 21056K, reserved 1114112K
  class space    used 2716K, committed 2880K, reserved 1048576K
}
Event: 2.271 GC heap before
{Heap before GC invocations=4 (full 0):
 garbage-first heap   total 55296K, used 39577K [0x0000000089200000, 0x0000000100000000)
  region size 1024K, 32 young (32768K), 7 survivors (7168K)
 Metaspace       used 23648K, committed 24128K, reserved 1114112K
  class space    used 3198K, committed 3392K, reserved 1048576K
}
Event: 2.283 GC heap after
{Heap after GC invocations=5 (full 0):
 garbage-first heap   total 55296K, used 16141K [0x0000000089200000, 0x0000000100000000)
  region size 1024K, 3 young (3072K), 3 survivors (3072K)
 Metaspace       used 23648K, committed 24128K, reserved 1114112K
  class space    used 3198K, committed 3392K, reserved 1048576K
}
Event: 2.762 GC heap before
{Heap before GC invocations=5 (full 0):
 garbage-first heap   total 55296K, used 41741K [0x0000000089200000, 0x0000000100000000)
  region size 1024K, 28 young (28672K), 3 survivors (3072K)
 Metaspace       used 27819K, committed 28352K, reserved 1114112K
  class space    used 3818K, committed 4032K, reserved 1048576K
}
Event: 2.768 GC heap after
{Heap after GC invocations=6 (full 0):
 garbage-first heap   total 55296K, used 18432K [0x0000000089200000, 0x0000000100000000)
  region size 1024K, 4 young (4096K), 4 survivors (4096K)
 Metaspace       used 27819K, committed 28352K, reserved 1114112K
  class space    used 3818K, committed 4032K, reserved 1048576K
}
Event: 3.339 GC heap before
{Heap before GC invocations=6 (full 0):
 garbage-first heap   total 55296K, used 43008K [0x0000000089200000, 0x0000000100000000)
  region size 1024K, 29 young (29696K), 4 survivors (4096K)
 Metaspace       used 31807K, committed 32448K, reserved 1114112K
  class space    used 4372K, committed 4672K, reserved 1048576K
}
Event: 3.345 GC heap after
{Heap after GC invocations=7 (full 0):
 garbage-first heap   total 55296K, used 20666K [0x0000000089200000, 0x0000000100000000)
  region size 1024K, 2 young (2048K), 2 survivors (2048K)
 Metaspace       used 31807K, committed 32448K, reserved 1114112K
  class space    used 4372K, committed 4672K, reserved 1048576K
}
Event: 3.639 GC heap before
{Heap before GC invocations=7 (full 0):
 garbage-first heap   total 55296K, used 29882K [0x0000000089200000, 0x0000000100000000)
  region size 1024K, 12 young (12288K), 2 survivors (2048K)
 Metaspace       used 34620K, committed 35200K, reserved 1114112K
  class space    used 4797K, committed 5056K, reserved 1048576K
}
Event: 3.642 GC heap after
{Heap after GC invocations=8 (full 0):
 garbage-first heap   total 55296K, used 21076K [0x0000000089200000, 0x0000000100000000)
  region size 1024K, 3 young (3072K), 3 survivors (3072K)
 Metaspace       used 34620K, committed 35200K, reserved 1114112K
  class space    used 4797K, committed 5056K, reserved 1048576K
}
Event: 4.484 GC heap before
{Heap before GC invocations=9 (full 0):
 garbage-first heap   total 55296K, used 44628K [0x0000000089200000, 0x0000000100000000)
  region size 1024K, 27 young (27648K), 3 survivors (3072K)
 Metaspace       used 44038K, committed 44672K, reserved 1114112K
  class space    used 6012K, committed 6272K, reserved 1048576K
}
Event: 4.488 GC heap after
{Heap after GC invocations=10 (full 0):
 garbage-first heap   total 55296K, used 23817K [0x0000000089200000, 0x0000000100000000)
  region size 1024K, 4 young (4096K), 4 survivors (4096K)
 Metaspace       used 44038K, committed 44672K, reserved 1114112K
  class space    used 6012K, committed 6272K, reserved 1048576K
}
Event: 4.887 GC heap before
{Heap before GC invocations=10 (full 0):
 garbage-first heap   total 55296K, used 45321K [0x0000000089200000, 0x0000000100000000)
  region size 1024K, 25 young (25600K), 4 survivors (4096K)
 Metaspace       used 49856K, committed 50496K, reserved 1114112K
  class space    used 6880K, committed 7168K, reserved 1048576K
}
Event: 4.890 GC heap after
{Heap after GC invocations=11 (full 0):
 garbage-first heap   total 55296K, used 24634K [0x0000000089200000, 0x0000000100000000)
  region size 1024K, 2 young (2048K), 2 survivors (2048K)
 Metaspace       used 49856K, committed 50496K, reserved 1114112K
  class space    used 6880K, committed 7168K, reserved 1048576K
}
Event: 5.405 GC heap before
{Heap before GC invocations=11 (full 0):
 garbage-first heap   total 55296K, used 47162K [0x0000000089200000, 0x0000000100000000)
  region size 1024K, 24 young (24576K), 2 survivors (2048K)
 Metaspace       used 56278K, committed 56960K, reserved 1114112K
  class space    used 7889K, committed 8192K, reserved 1048576K
}
Event: 5.407 GC heap after
{Heap after GC invocations=12 (full 0):
 garbage-first heap   total 55296K, used 25624K [0x0000000089200000, 0x0000000100000000)
  region size 1024K, 3 young (3072K), 3 survivors (3072K)
 Metaspace       used 56278K, committed 56960K, reserved 1114112K
  class space    used 7889K, committed 8192K, reserved 1048576K
}
Event: 5.729 GC heap before
{Heap before GC invocations=12 (full 0):
 garbage-first heap   total 55296K, used 35864K [0x0000000089200000, 0x0000000100000000)
  region size 1024K, 14 young (14336K), 3 survivors (3072K)
 Metaspace       used 58276K, committed 58880K, reserved 1114112K
  class space    used 8125K, committed 8384K, reserved 1048576K
}
Event: 5.733 GC heap after
{Heap after GC invocations=13 (full 0):
 garbage-first heap   total 55296K, used 26683K [0x0000000089200000, 0x0000000100000000)
  region size 1024K, 3 young (3072K), 3 survivors (3072K)
 Metaspace       used 58276K, committed 58880K, reserved 1114112K
  class space    used 8125K, committed 8384K, reserved 1048576K
}

