<?xml version="1.0" encoding="UTF-8"?>
<testsuite xmlns:xsi="http://www.w3.org/2001/XMLSchema-instance" xsi:noNamespaceSchemaLocation="https://maven.apache.org/surefire/maven-surefire-plugin/xsd/surefire-test-report-3.0.xsd" version="3.0" name="com.example.recipemicroservice.RecipeMicroserviceApplicationTests" time="7.176" tests="1" errors="0" skipped="0" failures="0">
  <properties>
[...]
</properties>
  <testcase name="contextLoads" classname="com.example.recipemicroservice.RecipeMicroserviceApplicationTests" time="0.614">
    <system-out><![CDATA[04:41:42.126 [main] INFO org.springframework.test.context.support.AnnotationConfigContextLoaderUtils -- Could not detect default configuration classes for test class [com.example.recipemicroservice.RecipeMicroserviceApplicationTests]: RecipeMicroserviceApplicationTests does not declare any static, non-private, non-final, nested classes annotated with @Configuration.
04:41:42.281 [main] INFO org.springframework.boot.test.context.SpringBootTestContextBootstrapper -- Found @SpringBootConfiguration com.example.recipemicroservice.RecipeMicroserviceApplication for test class com.example.recipemicroservice.RecipeMicroserviceApplicationTests

  .   ____          _            __ _ _
 /\\ / ___'_ __ _ _(_)_ __  __ _ \ \ \ \
( ( )\___ | '_ | '_| | '_ \/ _` | \ \ \ \
 \\/  ___)| |_)| | | | | || (_| |  ) ) ) )
  '  |____| .__|_| |_|_| |_\__, | / / / /
 =========|_|==============|___/=/_/_/_/
 :: Spring Boot ::                (v3.1.4)

2023-12-09T04:41:42.790+02:00  INFO 16788 --- [           main] c.e.r.RecipeMicroserviceApplicationTests : Starting RecipeMicroserviceApplicationTests using Java 20.0.1 with PID 16788 (started by Администратор in D:\UTM\PAD\PAD_LABS\PAD_Laboratories_secondary\Ingredient-microservice)
2023-12-09T04:41:42.792+02:00  INFO 16788 --- [           main] c.e.r.RecipeMicroserviceApplicationTests : No active profile set, falling back to 1 default profile: "default"
2023-12-09T04:41:43.911+02:00  INFO 16788 --- [           main] .s.d.r.c.RepositoryConfigurationDelegate : Bootstrapping Spring Data JPA repositories in DEFAULT mode.
2023-12-09T04:41:43.977+02:00  INFO 16788 --- [           main] .s.d.r.c.RepositoryConfigurationDelegate : Finished Spring Data repository scanning in 53 ms. Found 1 JPA repository interfaces.
2023-12-09T04:41:44.533+02:00  INFO 16788 --- [           main] o.hibernate.jpa.internal.util.LogHelper  : HHH000204: Processing PersistenceUnitInfo [name: default]
2023-12-09T04:41:44.618+02:00  INFO 16788 --- [           main] org.hibernate.Version                    : HHH000412: Hibernate ORM core version 6.2.9.Final
2023-12-09T04:41:44.620+02:00  INFO 16788 --- [           main] org.hibernate.cfg.Environment            : HHH000406: Using bytecode reflection optimizer
2023-12-09T04:41:44.879+02:00  INFO 16788 --- [           main] o.h.b.i.BytecodeProviderInitiator        : HHH000021: Bytecode provider name : bytebuddy
2023-12-09T04:41:45.065+02:00  INFO 16788 --- [           main] o.s.o.j.p.SpringPersistenceUnitInfo      : No LoadTimeWeaver setup: ignoring JPA class transformer
2023-12-09T04:41:45.085+02:00  INFO 16788 --- [           main] com.zaxxer.hikari.HikariDataSource       : HikariPool-1 - Starting...
2023-12-09T04:41:45.504+02:00  INFO 16788 --- [           main] com.zaxxer.hikari.pool.HikariPool        : HikariPool-1 - Added connection org.postgresql.jdbc.PgConnection@39c7fb0b
2023-12-09T04:41:45.506+02:00  INFO 16788 --- [           main] com.zaxxer.hikari.HikariDataSource       : HikariPool-1 - Start completed.
2023-12-09T04:41:45.978+02:00  INFO 16788 --- [           main] o.h.b.i.BytecodeProviderInitiator        : HHH000021: Bytecode provider name : bytebuddy
2023-12-09T04:41:46.776+02:00  INFO 16788 --- [           main] o.h.e.t.j.p.i.JtaPlatformInitiator       : HHH000490: Using JtaPlatform implementation: [org.hibernate.engine.transaction.jta.platform.internal.NoJtaPlatform]
Hibernate: alter table if exists ingredients drop constraint if exists FK7p08vcn6wf7fd6qp79yy2jrwg
Hibernate: drop table if exists ingredients cascade
Hibernate: drop table if exists recipes cascade
Hibernate: drop sequence if exists recipes_seq
Hibernate: create sequence recipes_seq start with 1 increment by 50
Hibernate: create table ingredients (recipe_id bigint not null, ingredient_id varchar(255))
Hibernate: create table recipes (id bigint not null, instructions varchar(255), name varchar(255), recipe_id varchar(255) unique, primary key (id))
Hibernate: alter table if exists ingredients add constraint FK7p08vcn6wf7fd6qp79yy2jrwg foreign key (recipe_id) references recipes
2023-12-09T04:41:46.942+02:00  INFO 16788 --- [           main] j.LocalContainerEntityManagerFactoryBean : Initialized JPA EntityManagerFactory for persistence unit 'default'
2023-12-09T04:41:47.642+02:00  WARN 16788 --- [           main] JpaBaseConfiguration$JpaWebConfiguration : spring.jpa.open-in-view is enabled by default. Therefore, database queries may be performed during view rendering. Explicitly configure spring.jpa.open-in-view to disable this warning
2023-12-09T04:41:48.253+02:00  INFO 16788 --- [           main] o.s.b.a.e.web.EndpointLinksResolver      : Exposing 1 endpoint(s) beneath base path '/actuator'
2023-12-09T04:41:48.339+02:00  INFO 16788 --- [           main] c.e.r.RecipeMicroserviceApplicationTests : Started RecipeMicroserviceApplicationTests in 5.846 seconds (process running for 7.1)
]]></system-out>
  </testcase>
</testsuite>